#
# There is insufficient memory for the Java Runtime Environment to continue.
# Native memory allocation (malloc) failed to allocate 267776 bytes for Chunk::new
# Possible reasons:
#   The system is out of physical RAM or swap space
#   The process is running with CompressedOops enabled, and the Java Heap may be blocking the growth of the native heap
# Possible solutions:
#   Reduce memory load on the system
#   Increase physical memory or swap space
#   Check if swap backing store is full
#   Decrease Java heap size (-Xmx/-Xms)
#   Decrease number of Java threads
#   Decrease Java thread stack sizes (-Xss)
#   Set larger code cache with -XX:ReservedCodeCacheSize=
#   JVM is running with Unscaled Compressed Oops mode in which the Java heap is
#     placed in the first 4GB address space. The Java Heap base address is the
#     maximum limit for the native heap growth. Please use -XX:HeapBaseMinAddress
#     to set the Java Heap base and to place the Java Heap above 4GB virtual address.
# This output file may be truncated or incomplete.
#
#  Out of Memory Error (arena.cpp:195), pid=48344, tid=48380
#
# JRE version: OpenJDK Runtime Environment (16.0.2+7) (build 16.0.2+7-67)
# Java VM: OpenJDK 64-Bit Server VM (16.0.2+7-67, mixed mode, sharing, tiered, compressed oops, compressed class ptrs, g1 gc, windows-amd64)
# No core dump will be written. Minidumps are not enabled by default on client versions of Windows
#

---------------  S U M M A R Y ------------

Command Line: -javaagent:C:\Program Files\JetBrains\IntelliJ IDEA Community Edition 2021.1.2\lib\idea_rt.jar=55547:C:\Program Files\JetBrains\IntelliJ IDEA Community Edition 2021.1.2\bin -Dfile.encoding=UTF-8 edu.usco.Colegio.ColegioApplication

Host: Intel(R) Core(TM) i5-7200U CPU @ 2.50GHz, 4 cores, 7G,  Windows 10 , 64 bit Build 19041 (10.0.19041.1023)
Time: Thu Aug 19 03:41:18 2021 Hora est. Pacífico, Sudamérica elapsed time: 1774.628488 seconds (0d 0h 29m 34s)

---------------  T H R E A D  ---------------

Current thread (0x0000016ddaab4dc0):  JavaThread "C2 CompilerThread0" daemon [_thread_in_native, id=48380, stack(0x000000468c000000,0x000000468c100000)]


Current CompileTask:
C2:1774628 5496 %     4       java.util.Properties$LineReader::readLine @ 224 (584 bytes)

Stack: [0x000000468c000000,0x000000468c100000]
Native frames: (J=compiled Java code, j=interpreted, Vv=VM code, C=native code)
V  [jvm.dll+0x6681ca]
V  [jvm.dll+0x7c9e69]
V  [jvm.dll+0x7cb61e]
V  [jvm.dll+0x7cbc73]
V  [jvm.dll+0x242c55]
V  [jvm.dll+0xadeba]
V  [jvm.dll+0xae45c]
V  [jvm.dll+0x2a4cdf]
V  [jvm.dll+0x573c29]
V  [jvm.dll+0x21e905]
V  [jvm.dll+0x217c01]
V  [jvm.dll+0x214ffc]
V  [jvm.dll+0x1a1beb]
V  [jvm.dll+0x225158]
V  [jvm.dll+0x22319c]
V  [jvm.dll+0x77fa62]
V  [jvm.dll+0x7795aa]
V  [jvm.dll+0x667066]
C  [ucrtbase.dll+0x21bb2]
C  [KERNEL32.DLL+0x17034]
C  [ntdll.dll+0x52651]


---------------  P R O C E S S  ---------------

Threads class SMR info:
_java_thread_list=0x0000016de3d99400, length=32, elements={
0x0000016ddaa98920, 0x0000016ddaa9bbf0, 0x0000016ddaaa9340, 0x0000016ddaaaa110,
0x0000016ddaaae3d0, 0x0000016ddaaaedd0, 0x0000016ddaab4dc0, 0x0000016ddaab6740,
0x0000016ddaaca110, 0x0000016ddaa79330, 0x0000016ddb7679d0, 0x0000016ddb767ef0,
0x0000016ddbba6240, 0x0000016de61a2120, 0x0000016de74db800, 0x0000016de6498b00,
0x0000016de6499050, 0x0000016de64985b0, 0x0000016de4326ec0, 0x0000016de432ae80,
0x0000016de432a930, 0x0000016de4328ea0, 0x0000016de4325ed0, 0x0000016de43293f0,
0x0000016de432b3d0, 0x0000016de432a3e0, 0x0000016de432d900, 0x0000016de432b920,
0x0000016de4326970, 0x0000016de4326420, 0x0000016de432be70, 0x0000016de432c3c0
}

Java Threads: ( => current thread )
  0x0000016ddaa98920 JavaThread "Reference Handler" daemon [_thread_blocked, id=51716, stack(0x000000468ba00000,0x000000468bb00000)]
  0x0000016ddaa9bbf0 JavaThread "Finalizer" daemon [_thread_blocked, id=45036, stack(0x000000468bb00000,0x000000468bc00000)]
  0x0000016ddaaa9340 JavaThread "Signal Dispatcher" daemon [_thread_blocked, id=47932, stack(0x000000468bc00000,0x000000468bd00000)]
  0x0000016ddaaaa110 JavaThread "Attach Listener" daemon [_thread_blocked, id=44716, stack(0x000000468bd00000,0x000000468be00000)]
  0x0000016ddaaae3d0 JavaThread "Service Thread" daemon [_thread_blocked, id=12260, stack(0x000000468be00000,0x000000468bf00000)]
  0x0000016ddaaaedd0 JavaThread "Monitor Deflation Thread" daemon [_thread_blocked, id=5336, stack(0x000000468bf00000,0x000000468c000000)]
=>0x0000016ddaab4dc0 JavaThread "C2 CompilerThread0" daemon [_thread_in_native, id=48380, stack(0x000000468c000000,0x000000468c100000)]
  0x0000016ddaab6740 JavaThread "C1 CompilerThread0" daemon [_thread_blocked, id=5340, stack(0x000000468c100000,0x000000468c200000)]
  0x0000016ddaaca110 JavaThread "Sweeper thread" daemon [_thread_blocked, id=42716, stack(0x000000468c200000,0x000000468c300000)]
  0x0000016ddaa79330 JavaThread "Common-Cleaner" daemon [_thread_blocked, id=51588, stack(0x000000468c300000,0x000000468c400000)]
  0x0000016ddb7679d0 JavaThread "Monitor Ctrl-Break" daemon [_thread_in_native, id=8752, stack(0x000000468c400000,0x000000468c500000)]
  0x0000016ddb767ef0 JavaThread "Notification Thread" daemon [_thread_blocked, id=4868, stack(0x000000468c500000,0x000000468c600000)]
  0x0000016ddbba6240 JavaThread "Catalina-utility-1" [_thread_blocked, id=38120, stack(0x000000468cc00000,0x000000468cd00000)]
  0x0000016de61a2120 JavaThread "Catalina-utility-2" [_thread_blocked, id=11004, stack(0x000000468cd00000,0x000000468ce00000)]
  0x0000016de74db800 JavaThread "container-0" [_thread_blocked, id=45196, stack(0x000000468ce00000,0x000000468cf00000)]
  0x0000016de6498b00 JavaThread "mysql-cj-abandoned-connection-cleanup" daemon [_thread_blocked, id=9860, stack(0x000000468cf00000,0x000000468d000000)]
  0x0000016de6499050 JavaThread "HikariPool-1 housekeeper" daemon [_thread_blocked, id=1296, stack(0x000000468d100000,0x000000468d200000)]
  0x0000016de64985b0 JavaThread "http-nio-8080-exec-1" daemon [_thread_blocked, id=1964, stack(0x000000468d300000,0x000000468d400000)]
  0x0000016de4326ec0 JavaThread "http-nio-8080-exec-2" daemon [_thread_blocked, id=6112, stack(0x000000468d400000,0x000000468d500000)]
  0x0000016de432ae80 JavaThread "http-nio-8080-exec-3" daemon [_thread_blocked, id=51912, stack(0x000000468d500000,0x000000468d600000)]
  0x0000016de432a930 JavaThread "http-nio-8080-exec-4" daemon [_thread_blocked, id=3224, stack(0x000000468d600000,0x000000468d700000)]
  0x0000016de4328ea0 JavaThread "http-nio-8080-exec-5" daemon [_thread_blocked, id=1732, stack(0x000000468d700000,0x000000468d800000)]
  0x0000016de4325ed0 JavaThread "http-nio-8080-exec-6" daemon [_thread_blocked, id=5540, stack(0x000000468d800000,0x000000468d900000)]
  0x0000016de43293f0 JavaThread "http-nio-8080-exec-7" daemon [_thread_blocked, id=11988, stack(0x000000468d900000,0x000000468da00000)]
  0x0000016de432b3d0 JavaThread "http-nio-8080-exec-8" daemon [_thread_blocked, id=3248, stack(0x000000468da00000,0x000000468db00000)]
  0x0000016de432a3e0 JavaThread "http-nio-8080-exec-9" daemon [_thread_blocked, id=48760, stack(0x000000468db00000,0x000000468dc00000)]
  0x0000016de432d900 JavaThread "http-nio-8080-exec-10" daemon [_thread_blocked, id=10512, stack(0x000000468dc00000,0x000000468dd00000)]
  0x0000016de432b920 JavaThread "http-nio-8080-Poller" daemon [_thread_in_native, id=46580, stack(0x000000468dd00000,0x000000468de00000)]
  0x0000016de4326970 JavaThread "http-nio-8080-Acceptor" daemon [_thread_in_native, id=52472, stack(0x000000468de00000,0x000000468df00000)]
  0x0000016de4326420 JavaThread "DestroyJavaVM" [_thread_blocked, id=16124, stack(0x000000468b300000,0x000000468b400000)]
  0x0000016de432be70 JavaThread "HikariPool-1 connection closer" daemon [_thread_blocked, id=7132, stack(0x000000468b000000,0x000000468b100000)]
  0x0000016de432c3c0 JavaThread "HikariPool-1 connection adder" daemon [_thread_blocked, id=12084, stack(0x000000468b100000,0x000000468b200000)]

Other Threads:
  0x0000016ddaa96540 VMThread "VM Thread" [stack: 0x000000468b900000,0x000000468ba00000] [id=41060]
  0x0000016ddb8e7f30 WatcherThread [stack: 0x000000468c600000,0x000000468c700000] [id=48880]
  0x0000016dbd3da6f0 GCTaskThread "GC Thread#0" [stack: 0x000000468b400000,0x000000468b500000] [id=49912]
  0x0000016ddbc321f0 GCTaskThread "GC Thread#1" [stack: 0x000000468c800000,0x000000468c900000] [id=48616]
  0x0000016ddbc32500 GCTaskThread "GC Thread#2" [stack: 0x000000468c900000,0x000000468ca00000] [id=50984]
  0x0000016ddbc11a60 GCTaskThread "GC Thread#3" [stack: 0x000000468ca00000,0x000000468cb00000] [id=48976]
  0x0000016dbd3ec400 ConcurrentGCThread "G1 Main Marker" [stack: 0x000000468b500000,0x000000468b600000] [id=8036]
  0x0000016dbd3ece70 ConcurrentGCThread "G1 Conc#0" [stack: 0x000000468b600000,0x000000468b700000] [id=51232]
  0x0000016dbd464240 ConcurrentGCThread "G1 Refine#0" [stack: 0x000000468b700000,0x000000468b800000] [id=5820]
  0x0000016ddbc76a50 ConcurrentGCThread "G1 Refine#1" [stack: 0x000000468cb00000,0x000000468cc00000] [id=4144]
  0x0000016dbd465460 ConcurrentGCThread "G1 Service" [stack: 0x000000468b800000,0x000000468b900000] [id=50384]

Threads with active compile tasks:
C2 CompilerThread0  1775843 5496 %     4       java.util.Properties$LineReader::readLine @ 224 (584 bytes)

VM state: not at safepoint (normal execution)

VM Mutex/Monitor currently owned by a thread: None

Heap address: 0x0000000081e00000, size: 2018 MB, Compressed Oops mode: 32-bit

CDS archive(s) mapped at: [0x0000000800000000-0x0000000800bb0000-0x0000000800bb0000), size 12255232, SharedBaseAddress: 0x0000000800000000, ArchiveRelocationMode: 0.
Compressed class space mapped at: 0x0000000800c00000-0x0000000840c00000, reserved size: 1073741824
Narrow klass base: 0x0000000800000000, Narrow klass shift: 3, Narrow klass range: 0x100000000

GC Precious Log:
 CPUs: 4 total, 4 available
 Memory: 8069M
 Large Page Support: Disabled
 NUMA Support: Disabled
 Compressed Oops: Enabled (32-bit)
 Heap Region Size: 1M
 Heap Min Capacity: 8M
 Heap Initial Capacity: 128M
 Heap Max Capacity: 2018M
 Pre-touch: Disabled
 Parallel Workers: 4
 Concurrent Workers: 1
 Concurrent Refinement Workers: 4
 Periodic GC: Disabled

Heap:
 garbage-first heap   total 65536K, used 40991K [0x0000000081e00000, 0x0000000100000000)
  region size 1024K, 23 young (23552K), 5 survivors (5120K)
 Metaspace       used 54794K, committed 55168K, reserved 1097728K
  class space    used 7172K, committed 7360K, reserved 1048576K

Heap Regions: E=young(eden), S=young(survivor), O=old, HS=humongous(starts), HC=humongous(continues), CS=collection set, F=free, OA=open archive, CA=closed archive, TAMS=top-at-mark-start (previous, next)
|   0|0x0000000081e00000, 0x0000000081f00000, 0x0000000081f00000|100%|HS|  |TAMS 0x0000000081f00000, 0x0000000081e00000| Complete 
|   1|0x0000000081f00000, 0x0000000082000000, 0x0000000082000000|100%| O|  |TAMS 0x0000000082000000, 0x0000000081f00000| Untracked 
|   2|0x0000000082000000, 0x0000000082100000, 0x0000000082100000|100%| O|  |TAMS 0x0000000082100000, 0x0000000082000000| Untracked 
|   3|0x0000000082100000, 0x0000000082200000, 0x0000000082200000|100%| O|  |TAMS 0x0000000082200000, 0x0000000082100000| Untracked 
|   4|0x0000000082200000, 0x0000000082300000, 0x0000000082300000|100%| O|  |TAMS 0x0000000082300000, 0x0000000082200000| Untracked 
|   5|0x0000000082300000, 0x0000000082400000, 0x0000000082400000|100%| O|  |TAMS 0x0000000082400000, 0x0000000082300000| Untracked 
|   6|0x0000000082400000, 0x0000000082500000, 0x0000000082500000|100%| O|  |TAMS 0x0000000082500000, 0x0000000082400000| Untracked 
|   7|0x0000000082500000, 0x0000000082600000, 0x0000000082600000|100%| O|  |TAMS 0x0000000082600000, 0x0000000082500000| Untracked 
|   8|0x0000000082600000, 0x0000000082700000, 0x0000000082700000|100%| O|  |TAMS 0x0000000082700000, 0x0000000082600000| Untracked 
|   9|0x0000000082700000, 0x0000000082800000, 0x0000000082800000|100%| O|  |TAMS 0x0000000082800000, 0x0000000082700000| Untracked 
|  10|0x0000000082800000, 0x0000000082900000, 0x0000000082900000|100%| O|  |TAMS 0x0000000082900000, 0x0000000082800000| Untracked 
|  11|0x0000000082900000, 0x0000000082a00000, 0x0000000082a00000|100%| O|  |TAMS 0x0000000082a00000, 0x0000000082900000| Untracked 
|  12|0x0000000082a00000, 0x0000000082b00000, 0x0000000082b00000|100%| O|  |TAMS 0x0000000082b00000, 0x0000000082a00000| Untracked 
|  13|0x0000000082b00000, 0x0000000082c00000, 0x0000000082c00000|100%| O|  |TAMS 0x0000000082c00000, 0x0000000082b00000| Untracked 
|  14|0x0000000082c00000, 0x0000000082d00000, 0x0000000082d00000|100%| O|  |TAMS 0x0000000082c00000, 0x0000000082c00000| Untracked 
|  15|0x0000000082d00000, 0x0000000082e00000, 0x0000000082e00000|100%| O|  |TAMS 0x0000000082d00000, 0x0000000082d00000| Untracked 
|  16|0x0000000082e00000, 0x0000000082f00000, 0x0000000082f00000|100%| O|  |TAMS 0x0000000082e00000, 0x0000000082e00000| Untracked 
|  17|0x0000000082f00000, 0x0000000083000000, 0x0000000083000000|100%| O|  |TAMS 0x0000000082f00000, 0x0000000082f00000| Untracked 
|  18|0x0000000083000000, 0x0000000083100000, 0x0000000083100000|100%| O|  |TAMS 0x0000000083000000, 0x0000000083000000| Untracked 
|  19|0x0000000083100000, 0x0000000083176600, 0x0000000083200000| 46%| O|  |TAMS 0x0000000083100000, 0x0000000083100000| Untracked 
|  20|0x0000000083200000, 0x0000000083200000, 0x0000000083300000|  0%| F|  |TAMS 0x0000000083200000, 0x0000000083200000| Untracked 
|  21|0x0000000083300000, 0x0000000083300000, 0x0000000083400000|  0%| F|  |TAMS 0x0000000083300000, 0x0000000083300000| Untracked 
|  22|0x0000000083400000, 0x0000000083400000, 0x0000000083500000|  0%| F|  |TAMS 0x0000000083400000, 0x0000000083400000| Untracked 
|  23|0x0000000083500000, 0x0000000083500000, 0x0000000083600000|  0%| F|  |TAMS 0x0000000083500000, 0x0000000083500000| Untracked 
|  24|0x0000000083600000, 0x0000000083600000, 0x0000000083700000|  0%| F|  |TAMS 0x0000000083600000, 0x0000000083600000| Untracked 
|  25|0x0000000083700000, 0x0000000083700000, 0x0000000083800000|  0%| F|  |TAMS 0x0000000083700000, 0x0000000083700000| Untracked 
|  26|0x0000000083800000, 0x00000000838916e0, 0x0000000083900000| 56%| S|CS|TAMS 0x0000000083800000, 0x0000000083800000| Complete 
|  27|0x0000000083900000, 0x0000000083a00000, 0x0000000083a00000|100%| S|CS|TAMS 0x0000000083900000, 0x0000000083900000| Complete 
|  28|0x0000000083a00000, 0x0000000083b00000, 0x0000000083b00000|100%| S|CS|TAMS 0x0000000083a00000, 0x0000000083a00000| Complete 
|  29|0x0000000083b00000, 0x0000000083b00000, 0x0000000083c00000|  0%| F|  |TAMS 0x0000000083b00000, 0x0000000083b00000| Untracked 
|  30|0x0000000083c00000, 0x0000000083c00000, 0x0000000083d00000|  0%| F|  |TAMS 0x0000000083c00000, 0x0000000083c00000| Untracked 
|  31|0x0000000083d00000, 0x0000000083d00000, 0x0000000083e00000|  0%| F|  |TAMS 0x0000000083d00000, 0x0000000083d00000| Untracked 
|  32|0x0000000083e00000, 0x0000000083e00000, 0x0000000083f00000|  0%| F|  |TAMS 0x0000000083e00000, 0x0000000083e00000| Untracked 
|  33|0x0000000083f00000, 0x0000000083f00000, 0x0000000084000000|  0%| F|  |TAMS 0x0000000083f00000, 0x0000000083f00000| Untracked 
|  34|0x0000000084000000, 0x0000000084100000, 0x0000000084100000|100%| S|CS|TAMS 0x0000000084000000, 0x0000000084000000| Complete 
|  35|0x0000000084100000, 0x0000000084200000, 0x0000000084200000|100%| S|CS|TAMS 0x0000000084100000, 0x0000000084100000| Complete 
|  36|0x0000000084200000, 0x0000000084200000, 0x0000000084300000|  0%| F|  |TAMS 0x0000000084200000, 0x0000000084200000| Untracked 
|  37|0x0000000084300000, 0x0000000084300000, 0x0000000084400000|  0%| F|  |TAMS 0x0000000084300000, 0x0000000084300000| Untracked 
|  38|0x0000000084400000, 0x0000000084400000, 0x0000000084500000|  0%| F|  |TAMS 0x0000000084400000, 0x0000000084400000| Untracked 
|  39|0x0000000084500000, 0x0000000084500000, 0x0000000084600000|  0%| F|  |TAMS 0x0000000084500000, 0x0000000084500000| Untracked 
|  40|0x0000000084600000, 0x0000000084600000, 0x0000000084700000|  0%| F|  |TAMS 0x0000000084600000, 0x0000000084600000| Untracked 
|  41|0x0000000084700000, 0x0000000084700000, 0x0000000084800000|  0%| F|  |TAMS 0x0000000084700000, 0x0000000084700000| Untracked 
|  42|0x0000000084800000, 0x0000000084800000, 0x0000000084900000|  0%| F|  |TAMS 0x0000000084800000, 0x0000000084800000| Untracked 
|  43|0x0000000084900000, 0x0000000084900000, 0x0000000084a00000|  0%| F|  |TAMS 0x0000000084900000, 0x0000000084900000| Untracked 
|  44|0x0000000084a00000, 0x0000000084a00000, 0x0000000084b00000|  0%| F|  |TAMS 0x0000000084a00000, 0x0000000084a00000| Untracked 
|  45|0x0000000084b00000, 0x0000000084b00000, 0x0000000084c00000|  0%| F|  |TAMS 0x0000000084b00000, 0x0000000084b00000| Untracked 
|  46|0x0000000084c00000, 0x0000000084d00000, 0x0000000084d00000|100%| E|  |TAMS 0x0000000084c00000, 0x0000000084c00000| Complete 
|  47|0x0000000084d00000, 0x0000000084e00000, 0x0000000084e00000|100%| E|CS|TAMS 0x0000000084d00000, 0x0000000084d00000| Complete 
|  48|0x0000000084e00000, 0x0000000084f00000, 0x0000000084f00000|100%| E|CS|TAMS 0x0000000084e00000, 0x0000000084e00000| Complete 
|  49|0x0000000084f00000, 0x0000000085000000, 0x0000000085000000|100%| E|CS|TAMS 0x0000000084f00000, 0x0000000084f00000| Complete 
|  50|0x0000000085000000, 0x0000000085100000, 0x0000000085100000|100%| E|CS|TAMS 0x0000000085000000, 0x0000000085000000| Complete 
|  51|0x0000000085100000, 0x0000000085200000, 0x0000000085200000|100%| E|CS|TAMS 0x0000000085100000, 0x0000000085100000| Complete 
|  52|0x0000000085200000, 0x0000000085300000, 0x0000000085300000|100%| E|CS|TAMS 0x0000000085200000, 0x0000000085200000| Complete 
|  53|0x0000000085300000, 0x0000000085400000, 0x0000000085400000|100%| E|CS|TAMS 0x0000000085300000, 0x0000000085300000| Complete 
|  54|0x0000000085400000, 0x0000000085500000, 0x0000000085500000|100%| E|  |TAMS 0x0000000085400000, 0x0000000085400000| Complete 
|  55|0x0000000085500000, 0x0000000085600000, 0x0000000085600000|100%| E|CS|TAMS 0x0000000085500000, 0x0000000085500000| Complete 
|  56|0x0000000085600000, 0x0000000085700000, 0x0000000085700000|100%| E|CS|TAMS 0x0000000085600000, 0x0000000085600000| Complete 
|  57|0x0000000085700000, 0x0000000085800000, 0x0000000085800000|100%| E|CS|TAMS 0x0000000085700000, 0x0000000085700000| Complete 
|  58|0x0000000085800000, 0x0000000085900000, 0x0000000085900000|100%| E|CS|TAMS 0x0000000085800000, 0x0000000085800000| Complete 
|  59|0x0000000085900000, 0x0000000085a00000, 0x0000000085a00000|100%| E|CS|TAMS 0x0000000085900000, 0x0000000085900000| Complete 
|  60|0x0000000085a00000, 0x0000000085b00000, 0x0000000085b00000|100%| E|CS|TAMS 0x0000000085a00000, 0x0000000085a00000| Complete 
|  61|0x0000000085b00000, 0x0000000085c00000, 0x0000000085c00000|100%| E|CS|TAMS 0x0000000085b00000, 0x0000000085b00000| Complete 
|  62|0x0000000085c00000, 0x0000000085d00000, 0x0000000085d00000|100%| E|CS|TAMS 0x0000000085c00000, 0x0000000085c00000| Complete 
| 127|0x0000000089d00000, 0x0000000089e00000, 0x0000000089e00000|100%| E|CS|TAMS 0x0000000089d00000, 0x0000000089d00000| Complete 

Card table byte_map: [0x0000016dd3f00000,0x0000016dd4300000] _byte_map_base: 0x0000016dd3af1000

Marking Bits (Prev, Next): (CMBitMap*) 0x0000016dbd3dade0, (CMBitMap*) 0x0000016dbd3dae20
 Prev Bits: [0x0000016dd4700000, 0x0000016dd6688000)
 Next Bits: [0x0000016dd6690000, 0x0000016dd8618000)

Polling page: 0x0000016dbb180000

Metaspace:

Usage:
  Non-class:     46.51 MB used.
      Class:      7.00 MB used.
       Both:     53.51 MB used.

Virtual space:
  Non-class space:       48.00 MB reserved,      46.69 MB ( 97%) committed,  6 nodes.
      Class space:        1.00 GB reserved,       7.19 MB ( <1%) committed,  1 nodes.
              Both:        1.05 GB reserved,      53.88 MB (  5%) committed. 

Chunk freelists:
   Non-Class:  1.12 MB
       Class:  845.00 KB
        Both:  1.95 MB

MaxMetaspaceSize: 17179869184.00 GB
CompressedClassSpaceSize: 1.00 GB
 - commit_granule_bytes: 65536.
 - commit_granule_words: 8192.
 - virtual_space_node_default_size: 1048576.
 - enlarge_chunks_in_place: 1.
 - new_chunks_are_fully_committed: 0.
 - uncommit_free_chunks: 1.
 - use_allocation_guard: 0.
 - handle_deallocations: 1.


Internal statistics:

num_allocs_failed_limit: 6.
num_arena_births: 506.
num_arena_deaths: 0.
num_vsnodes_births: 7.
num_vsnodes_deaths: 0.
num_space_committed: 862.
num_space_uncommitted: 0.
num_chunks_returned_to_freelist: 6.
num_chunks_taken_from_freelist: 2477.
num_chunk_merges: 6.
num_chunk_splits: 1786.
num_chunks_enlarged: 1411.
num_purges: 0.

CodeHeap 'non-profiled nmethods': size=120000Kb used=2850Kb max_used=2999Kb free=117149Kb
 bounds [0x0000016dcc5d0000, 0x0000016dcc8f0000, 0x0000016dd3b00000]
CodeHeap 'profiled nmethods': size=120000Kb used=9296Kb max_used=10581Kb free=110703Kb
 bounds [0x0000016dc50a0000, 0x0000016dc5b00000, 0x0000016dcc5d0000]
CodeHeap 'non-nmethods': size=5760Kb used=1309Kb max_used=1392Kb free=4450Kb
 bounds [0x0000016dc4b00000, 0x0000016dc4d70000, 0x0000016dc50a0000]
 total_blobs=5369 nmethods=4740 adapters=541
 compilation: enabled
              stopped_count=0, restarted_count=0
 full_count=0

Compilation events (20 events):
Event: 1774.059 Thread 0x0000016ddaab6740 nmethod 5490 0x0000016dcc615310 code [0x0000016dcc6154a0, 0x0000016dcc615578]
Event: 1774.067 Thread 0x0000016ddaab6740 5491       3       com.mysql.cj.conf.DefaultPropertySet::getStringProperty (6 bytes)
Event: 1774.068 Thread 0x0000016ddaab6740 nmethod 5491 0x0000016dc551c690 code [0x0000016dc551c840, 0x0000016dc551ca08]
Event: 1774.115 Thread 0x0000016ddaab6740 5492       3       sun.nio.ch.SocketDispatcher::read (8 bytes)
Event: 1774.115 Thread 0x0000016ddaab6740 nmethod 5492 0x0000016dc551c310 code [0x0000016dc551c4c0, 0x0000016dc551c608]
Event: 1774.410 Thread 0x0000016ddaab6740 5494       3       java.nio.charset.CharsetDecoder::reset (11 bytes)
Event: 1774.411 Thread 0x0000016ddaab6740 nmethod 5494 0x0000016dc551be90 code [0x0000016dc551c040, 0x0000016dc551c228]
Event: 1774.411 Thread 0x0000016ddaab6740 5495       3       java.nio.charset.CharsetDecoder::implReset (1 bytes)
Event: 1774.411 Thread 0x0000016ddaab6740 nmethod 5495 0x0000016dc551bb10 code [0x0000016dc551bca0, 0x0000016dc551bdb8]
Event: 1774.412 Thread 0x0000016ddaab4dc0 5496 %     4       java.util.Properties$LineReader::readLine @ 224 (584 bytes)
Event: 1774.413 Thread 0x0000016ddaab6740 5497       3       jdk.internal.util.ArraysSupport::newLength (23 bytes)
Event: 1774.413 Thread 0x0000016ddaab6740 nmethod 5497 0x0000016dc5335890 code [0x0000016dc5335a60, 0x0000016dc5335e48]
Event: 1774.416 Thread 0x0000016ddaab6740 5498       3       java.util.regex.Matcher::end (22 bytes)
Event: 1774.417 Thread 0x0000016ddaab6740 nmethod 5498 0x0000016dc5335410 code [0x0000016dc53355c0, 0x0000016dc53357e8]
Event: 1774.418 Thread 0x0000016ddaab6740 5500       3       sun.nio.ch.Util::offerFirstTemporaryDirectBuffer (53 bytes)
Event: 1774.421 Thread 0x0000016ddaab6740 nmethod 5500 0x0000016dc541c410 code [0x0000016dc541c660, 0x0000016dc541d038]
Event: 1774.421 Thread 0x0000016ddaab6740 5501       3       sun.nio.ch.Util::isBufferTooLarge (8 bytes)
Event: 1774.421 Thread 0x0000016ddaab6740 nmethod 5501 0x0000016dc541bd90 code [0x0000016dc541bf40, 0x0000016dc541c118]
Event: 1774.421 Thread 0x0000016ddaab6740 5502       3       sun.nio.ch.Util$BufferCache::offerFirst (73 bytes)
Event: 1774.421 Thread 0x0000016ddaab6740 nmethod 5502 0x0000016dc5334d90 code [0x0000016dc5334f40, 0x0000016dc53352b8]

GC Heap History (20 events):
Event: 4.721 GC heap before
{Heap before GC invocations=3 (full 0):
 garbage-first heap   total 131072K, used 82397K [0x0000000081e00000, 0x0000000100000000)
  region size 1024K, 76 young (77824K), 3 survivors (3072K)
 Metaspace       used 17989K, committed 18240K, reserved 1073152K
  class space    used 2148K, committed 2240K, reserved 1048576K
}
Event: 4.731 GC heap after
{Heap after GC invocations=4 (full 0):
 garbage-first heap   total 131072K, used 10779K [0x0000000081e00000, 0x0000000100000000)
  region size 1024K, 5 young (5120K), 5 survivors (5120K)
 Metaspace       used 17989K, committed 18240K, reserved 1073152K
  class space    used 2148K, committed 2240K, reserved 1048576K
}
Event: 5.788 GC heap before
{Heap before GC invocations=4 (full 0):
 garbage-first heap   total 131072K, used 29211K [0x0000000081e00000, 0x0000000100000000)
  region size 1024K, 24 young (24576K), 5 survivors (5120K)
 Metaspace       used 20986K, committed 21248K, reserved 1073152K
  class space    used 2561K, committed 2688K, reserved 1048576K
}
Event: 5.798 GC heap after
{Heap after GC invocations=5 (full 0):
 garbage-first heap   total 131072K, used 12288K [0x0000000081e00000, 0x0000000100000000)
  region size 1024K, 6 young (6144K), 6 survivors (6144K)
 Metaspace       used 20986K, committed 21248K, reserved 1073152K
  class space    used 2561K, committed 2688K, reserved 1048576K
}
Event: 6.946 GC heap before
{Heap before GC invocations=6 (full 0):
 garbage-first heap   total 45056K, used 32768K [0x0000000081e00000, 0x0000000100000000)
  region size 1024K, 26 young (26624K), 6 survivors (6144K)
 Metaspace       used 25445K, committed 25792K, reserved 1073152K
  class space    used 3138K, committed 3328K, reserved 1048576K
}
Event: 6.968 GC heap after
{Heap after GC invocations=7 (full 0):
 garbage-first heap   total 45056K, used 14515K [0x0000000081e00000, 0x0000000100000000)
  region size 1024K, 4 young (4096K), 4 survivors (4096K)
 Metaspace       used 25445K, committed 25792K, reserved 1073152K
  class space    used 3138K, committed 3328K, reserved 1048576K
}
Event: 6.989 GC heap before
{Heap before GC invocations=7 (full 0):
 garbage-first heap   total 45056K, used 30899K [0x0000000081e00000, 0x0000000100000000)
  region size 1024K, 21 young (21504K), 4 survivors (4096K)
 Metaspace       used 25512K, committed 25856K, reserved 1073152K
  class space    used 3144K, committed 3328K, reserved 1048576K
}
Event: 6.998 GC heap after
{Heap after GC invocations=8 (full 0):
 garbage-first heap   total 45056K, used 15145K [0x0000000081e00000, 0x0000000100000000)
  region size 1024K, 1 young (1024K), 1 survivors (1024K)
 Metaspace       used 25512K, committed 25856K, reserved 1073152K
  class space    used 3144K, committed 3328K, reserved 1048576K
}
Event: 7.004 GC heap before
{Heap before GC invocations=8 (full 0):
 garbage-first heap   total 45056K, used 32553K [0x0000000081e00000, 0x0000000100000000)
  region size 1024K, 19 young (19456K), 1 survivors (1024K)
 Metaspace       used 25512K, committed 25856K, reserved 1073152K
  class space    used 3144K, committed 3328K, reserved 1048576K
}
Event: 7.005 GC heap after
{Heap after GC invocations=9 (full 0):
 garbage-first heap   total 45056K, used 14629K [0x0000000081e00000, 0x0000000100000000)
  region size 1024K, 1 young (1024K), 1 survivors (1024K)
 Metaspace       used 25512K, committed 25856K, reserved 1073152K
  class space    used 3144K, committed 3328K, reserved 1048576K
}
Event: 7.607 GC heap before
{Heap before GC invocations=9 (full 0):
 garbage-first heap   total 45056K, used 33061K [0x0000000081e00000, 0x0000000100000000)
  region size 1024K, 20 young (20480K), 1 survivors (1024K)
 Metaspace       used 27637K, committed 27904K, reserved 1073152K
  class space    used 3455K, committed 3584K, reserved 1048576K
}
Event: 7.612 GC heap after
{Heap after GC invocations=10 (full 0):
 garbage-first heap   total 90112K, used 15173K [0x0000000081e00000, 0x0000000100000000)
  region size 1024K, 1 young (1024K), 1 survivors (1024K)
 Metaspace       used 27637K, committed 27904K, reserved 1073152K
  class space    used 3455K, committed 3584K, reserved 1048576K
}
Event: 8.562 GC heap before
{Heap before GC invocations=10 (full 0):
 garbage-first heap   total 90112K, used 41797K [0x0000000081e00000, 0x0000000100000000)
  region size 1024K, 28 young (28672K), 1 survivors (1024K)
 Metaspace       used 35215K, committed 35520K, reserved 1081344K
  class space    used 4552K, committed 4672K, reserved 1048576K
}
Event: 8.568 GC heap after
{Heap after GC invocations=11 (full 0):
 garbage-first heap   total 90112K, used 17755K [0x0000000081e00000, 0x0000000100000000)
  region size 1024K, 4 young (4096K), 4 survivors (4096K)
 Metaspace       used 35215K, committed 35520K, reserved 1081344K
  class space    used 4552K, committed 4672K, reserved 1048576K
}
Event: 10.166 GC heap before
{Heap before GC invocations=12 (full 0):
 garbage-first heap   total 65536K, used 52571K [0x0000000081e00000, 0x0000000100000000)
  region size 1024K, 38 young (38912K), 4 survivors (4096K)
 Metaspace       used 43439K, committed 43776K, reserved 1089536K
  class space    used 5755K, committed 5888K, reserved 1048576K
}
Event: 10.173 GC heap after
{Heap after GC invocations=13 (full 0):
 garbage-first heap   total 65536K, used 20035K [0x0000000081e00000, 0x0000000100000000)
  region size 1024K, 5 young (5120K), 5 survivors (5120K)
 Metaspace       used 43439K, committed 43776K, reserved 1089536K
  class space    used 5755K, committed 5888K, reserved 1048576K
}
Event: 10.953 GC heap before
{Heap before GC invocations=13 (full 0):
 garbage-first heap   total 65536K, used 50755K [0x0000000081e00000, 0x0000000100000000)
  region size 1024K, 35 young (35840K), 5 survivors (5120K)
 Metaspace       used 47113K, committed 47552K, reserved 1097728K
  class space    used 6241K, committed 6464K, reserved 1048576K
}
Event: 10.963 GC heap after
{Heap after GC invocations=14 (full 0):
 garbage-first heap   total 65536K, used 21950K [0x0000000081e00000, 0x0000000100000000)
  region size 1024K, 5 young (5120K), 5 survivors (5120K)
 Metaspace       used 47113K, committed 47552K, reserved 1097728K
  class space    used 6241K, committed 6464K, reserved 1048576K
}
Event: 11.941 GC heap before
{Heap before GC invocations=14 (full 0):
 garbage-first heap   total 65536K, used 50622K [0x0000000081e00000, 0x0000000100000000)
  region size 1024K, 33 young (33792K), 5 survivors (5120K)
 Metaspace       used 49807K, committed 50176K, reserved 1097728K
  class space    used 6601K, committed 6784K, reserved 1048576K
}
Event: 11.952 GC heap after
{Heap after GC invocations=15 (full 0):
 garbage-first heap   total 65536K, used 24607K [0x0000000081e00000, 0x0000000100000000)
  region size 1024K, 5 young (5120K), 5 survivors (5120K)
 Metaspace       used 49807K, committed 50176K, reserved 1097728K
  class space    used 6601K, committed 6784K, reserved 1048576K
}

Deoptimization events (20 events):
Event: 17.315 Thread 0x0000016ddbba6240 Uncommon trap: trap_request=0xffffffbe fr.pc=0x0000016dcc802530 relative=0x0000000000002910
Event: 17.315 Thread 0x0000016ddbba6240 Uncommon trap: reason=profile_predicate action=maybe_recompile pc=0x0000016dcc802530 method=java.util.TreeMap.put(Ljava/lang/Object;Ljava/lang/Object;Z)Ljava/lang/Object; @ 27 c2
Event: 17.315 Thread 0x0000016ddbba6240 DEOPT PACKING pc=0x0000016dcc802530 sp=0x000000468ccfe750
Event: 17.315 Thread 0x0000016ddbba6240 DEOPT UNPACKING pc=0x0000016dc4b4d72e sp=0x000000468ccfe710 mode 2
Event: 27.319 Thread 0x0000016ddbba6240 Uncommon trap: trap_request=0xffffffbe fr.pc=0x0000016dcc802530 relative=0x0000000000002910
Event: 27.319 Thread 0x0000016ddbba6240 Uncommon trap: reason=profile_predicate action=maybe_recompile pc=0x0000016dcc802530 method=java.util.TreeMap.put(Ljava/lang/Object;Ljava/lang/Object;Z)Ljava/lang/Object; @ 27 c2
Event: 27.319 Thread 0x0000016ddbba6240 DEOPT PACKING pc=0x0000016dcc802530 sp=0x000000468ccfe750
Event: 27.319 Thread 0x0000016ddbba6240 DEOPT UNPACKING pc=0x0000016dc4b4d72e sp=0x000000468ccfe710 mode 2
Event: 46.211 Thread 0x0000016de64985b0 Uncommon trap: trap_request=0xffffff45 fr.pc=0x0000016dcc5f82a4 relative=0x00000000000005e4
Event: 46.211 Thread 0x0000016de64985b0 Uncommon trap: reason=unstable_if action=reinterpret pc=0x0000016dcc5f82a4 method=java.lang.AbstractStringBuilder.append(Ljava/lang/String;)Ljava/lang/AbstractStringBuilder; @ 1 c2
Event: 46.211 Thread 0x0000016de64985b0 DEOPT PACKING pc=0x0000016dcc5f82a4 sp=0x000000468d3f9e70
Event: 46.211 Thread 0x0000016de64985b0 DEOPT UNPACKING pc=0x0000016dc4b4d72e sp=0x000000468d3f9df0 mode 2
Event: 71.740 Thread 0x0000016de432a930 Uncommon trap: trap_request=0xffffffdc fr.pc=0x0000016dcc6b1878 relative=0x0000000000000258
Event: 71.740 Thread 0x0000016de432a930 Uncommon trap: reason=class_check action=make_not_entrant pc=0x0000016dcc6b1878 method=java.util.ArrayList.toArray([Ljava/lang/Object;)[Ljava/lang/Object; @ 21 c2
Event: 71.740 Thread 0x0000016de432a930 DEOPT PACKING pc=0x0000016dcc6b1878 sp=0x000000468d6fd110
Event: 71.740 Thread 0x0000016de432a930 DEOPT UNPACKING pc=0x0000016dc4b4d72e sp=0x000000468d6fd0d0 mode 2
Event: 1774.412 Thread 0x0000016de432be70 Uncommon trap: trap_request=0xffffff45 fr.pc=0x0000016dcc6f477c relative=0x000000000000103c
Event: 1774.412 Thread 0x0000016de432be70 Uncommon trap: reason=unstable_if action=reinterpret pc=0x0000016dcc6f477c method=java.util.Properties$LineReader.readLine()I @ 153 c2
Event: 1774.412 Thread 0x0000016de432be70 DEOPT PACKING pc=0x0000016dcc6f477c sp=0x000000468b0fe2c0
Event: 1774.413 Thread 0x0000016de432be70 DEOPT UNPACKING pc=0x0000016dc4b4d72e sp=0x000000468b0fe260 mode 2

Classes unloaded (0 events):
No events

Classes redefined (0 events):
No events

Internal exceptions (20 events):
Event: 11.035 Thread 0x0000016dbd3a1800 Exception <a 'java/lang/reflect/InvocationTargetException'{0x000000008588d260}> (0x000000008588d260) 
thrown [t:\workspace\open\src\hotspot\share\runtime\reflection.cpp, line 1157]
Event: 11.113 Thread 0x0000016dbd3a1800 Exception <a 'java/lang/ClassNotFoundException'{0x00000000856a1420}: java/lang/ObjectCustomizer> (0x00000000856a1420) 
thrown [t:\workspace\open\src\hotspot\share\classfile\systemDictionary.cpp, line 256]
Event: 11.114 Thread 0x0000016dbd3a1800 Exception <a 'java/lang/ClassNotFoundException'{0x00000000856a7e38}: org/springframework/web/servlet/config/annotation/WebMvcConfigurationSupportCustomizer> (0x00000000856a7e38) 
thrown [t:\workspace\open\src\hotspot\share\classfile\systemDictionary.cpp, line 256]
Event: 11.115 Thread 0x0000016dbd3a1800 Exception <a 'java/lang/ClassNotFoundException'{0x00000000856ba948}: org/springframework/web/servlet/config/annotation/DelegatingWebMvcConfigurationCustomizer> (0x00000000856ba948) 
thrown [t:\workspace\open\src\hotspot\share\classfile\systemDictionary.cpp, line 256]
Event: 11.116 Thread 0x0000016dbd3a1800 Exception <a 'java/lang/ClassNotFoundException'{0x00000000856c2610}: org/springframework/boot/autoconfigure/web/servlet/WebMvcAutoConfiguration$EnableWebMvcConfigurationCustomizer> (0x00000000856c2610) 
thrown [t:\workspace\open\src\hotspot\share\classfile\systemDictionary.cpp, line 256]
Event: 11.118 Thread 0x0000016dbd3a1800 Exception <a 'java/lang/ClassNotFoundException'{0x00000000856d5198}: org/springframework/context/ResourceLoaderAwareCustomizer> (0x00000000856d5198) 
thrown [t:\workspace\open\src\hotspot\share\classfile\systemDictionary.cpp, line 256]
Event: 11.118 Thread 0x0000016dbd3a1800 Exception <a 'java/lang/ClassNotFoundException'{0x00000000856d8f70}: org/springframework/beans/factory/AwareCustomizer> (0x00000000856d8f70) 
thrown [t:\workspace\open\src\hotspot\share\classfile\systemDictionary.cpp, line 256]
Event: 11.118 Thread 0x0000016dbd3a1800 Exception <a 'java/lang/ClassNotFoundException'{0x00000000856dc088}: org/springframework/context/ApplicationContextAwareCustomizer> (0x00000000856dc088) 
thrown [t:\workspace\open\src\hotspot\share\classfile\systemDictionary.cpp, line 256]
Event: 11.120 Thread 0x0000016dbd3a1800 Exception <a 'java/lang/ClassNotFoundException'{0x00000000856e0a30}: org/springframework/beans/factory/AwareCustomizer> (0x00000000856e0a30) 
thrown [t:\workspace\open\src\hotspot\share\classfile\systemDictionary.cpp, line 256]
Event: 11.120 Thread 0x0000016dbd3a1800 Exception <a 'java/lang/ClassNotFoundException'{0x00000000856e3b20}: org/springframework/web/context/ServletContextAwareCustomizer> (0x00000000856e3b20) 
thrown [t:\workspace\open\src\hotspot\share\classfile\systemDictionary.cpp, line 256]
Event: 11.121 Thread 0x0000016dbd3a1800 Exception <a 'java/lang/ClassNotFoundException'{0x00000000856e7d50}: org/springframework/beans/factory/AwareCustomizer> (0x00000000856e7d50) 
thrown [t:\workspace\open\src\hotspot\share\classfile\systemDictionary.cpp, line 256]
Event: 11.489 Thread 0x0000016dbd3a1800 Exception <a 'java/lang/NoSuchMethodError'{0x0000000084fd7ea0}: 'void java.lang.invoke.DirectMethodHandle$Holder.invokeVirtual(java.lang.Object, java.lang.Object, int)'> (0x0000000084fd7ea0) 
thrown [t:\workspace\open\src\hotspot\share\interpreter\linkResolver.cpp, line 790]
Event: 11.492 Thread 0x0000016dbd3a1800 Exception <a 'java/lang/NoSuchMethodError'{0x0000000084ff33b0}: 'void java.lang.invoke.DirectMethodHandle$Holder.invokeVirtual(java.lang.Object, java.lang.Object, long)'> (0x0000000084ff33b0) 
thrown [t:\workspace\open\src\hotspot\share\interpreter\linkResolver.cpp, line 790]
Event: 11.749 Thread 0x0000016dbd3a1800 Exception <a 'java/lang/IncompatibleClassChangeError'{0x00000000849a6240}: Found class java.lang.Object, but interface was expected> (0x00000000849a6240) 
thrown [t:\workspace\open\src\hotspot\share\interpreter\linkResolver.cpp, line 857]
Event: 11.802 Thread 0x0000016dbd3a1800 Exception <a 'java/lang/NoSuchMethodError'{0x00000000847192d0}: 'int java.lang.invoke.DirectMethodHandle$Holder.invokeStaticInit(java.lang.Object, java.lang.Object, java.lang.Object, java.lang.Object)'> (0x00000000847192d0) 
thrown [t:\workspace\open\src\hotspot\share\interpreter\linkResolver.cpp, line 790]
Event: 11.925 Thread 0x0000016dbd3a1800 Exception <a 'java/lang/NoSuchMethodError'{0x0000000084368d60}: 'java.lang.Object java.lang.invoke.DirectMethodHandle$Holder.invokeSpecial(java.lang.Object, java.lang.Object, int, java.lang.Object, int, java.lang.Object)'> (0x0000000084368d60) 
thrown [t:\workspace\open\src\hotspot\share\interpreter\linkResolver.cpp, line 790]
Event: 11.925 Thread 0x0000016dbd3a1800 Exception <a 'java/lang/NoSuchMethodError'{0x0000000084371120}: 'java.lang.Object java.lang.invoke.DirectMethodHandle$Holder.newInvokeSpecial(java.lang.Object, java.lang.Object, int, java.lang.Object, int)'> (0x0000000084371120) 
thrown [t:\workspace\open\src\hotspot\share\interpreter\linkResolver.cpp, line 790]
Event: 11.926 Thread 0x0000016dbd3a1800 Exception <a 'java/lang/NoSuchMethodError'{0x0000000084375330}: 'java.lang.Object java.lang.invoke.DirectMethodHandle$Holder.invokeSpecial(java.lang.Object, java.lang.Object, java.lang.Object, int, java.lang.Object, int)'> (0x0000000084375330) 
thrown [t:\workspace\open\src\hotspot\share\interpreter\linkResolver.cpp, line 790]
Event: 11.928 Thread 0x0000016dbd3a1800 Exception <a 'java/lang/NoSuchMethodError'{0x000000008437f710}: 'void java.lang.invoke.DirectMethodHandle$Holder.invokeVirtual(java.lang.Object, java.lang.Object)'> (0x000000008437f710) 
thrown [t:\workspace\open\src\hotspot\share\interpreter\linkResolver.cpp, line 790]
Event: 46.211 Thread 0x0000016de64985b0 Implicit null exception at 0x0000016dcc5f7cf2 to 0x0000016dcc5f828c

Events (20 events):
Event: 1774.290 loading class java/security/KeyException done
Event: 1774.290 loading class java/security/InvalidKeyException done
Event: 1774.290 loading class javax/crypto/IllegalBlockSizeException
Event: 1774.316 loading class javax/crypto/IllegalBlockSizeException done
Event: 1774.316 loading class javax/crypto/BadPaddingException
Event: 1774.333 loading class javax/crypto/BadPaddingException done
Event: 1774.333 loading class java/security/Key
Event: 1774.333 loading class java/security/Key done
Event: 1774.333 loading class java/security/UnrecoverableKeyException
Event: 1774.352 loading class java/security/UnrecoverableEntryException
Event: 1774.352 loading class java/security/UnrecoverableEntryException done
Event: 1774.352 loading class java/security/UnrecoverableKeyException done
Event: 1774.352 loading class java/security/KeyStoreException
Event: 1774.377 loading class java/security/KeyStoreException done
Event: 1774.377 loading class java/security/cert/CertificateException
Event: 1774.383 loading class java/security/cert/CertificateException done
Event: 1774.383 loading class java/security/KeyManagementException
Event: 1774.400 loading class java/security/KeyManagementException done
Event: 1774.401 loading class javax/net/ssl/TrustManager
Event: 1774.408 loading class javax/net/ssl/TrustManager done


Dynamic libraries:
0x00007ff6a5900000 - 0x00007ff6a590e000 	C:\Users\Nicolas Andres Muñoz\.jdks\openjdk-16.0.2\bin\java.exe
0x00007ffe89c10000 - 0x00007ffe89e05000 	C:\WINDOWS\SYSTEM32\ntdll.dll
0x00007ffe89800000 - 0x00007ffe898bd000 	C:\WINDOWS\System32\KERNEL32.DLL
0x00007ffe87780000 - 0x00007ffe87a49000 	C:\WINDOWS\System32\KERNELBASE.dll
0x00007ffe87b80000 - 0x00007ffe87c80000 	C:\WINDOWS\System32\ucrtbase.dll
0x00007ffe7f660000 - 0x00007ffe7f679000 	C:\Users\Nicolas Andres Muñoz\.jdks\openjdk-16.0.2\bin\VCRUNTIME140.dll
0x00007ffe6f990000 - 0x00007ffe6f9a8000 	C:\Users\Nicolas Andres Muñoz\.jdks\openjdk-16.0.2\bin\jli.dll
0x00007ffe88400000 - 0x00007ffe885a0000 	C:\WINDOWS\System32\USER32.dll
0x00007ffe87590000 - 0x00007ffe875b2000 	C:\WINDOWS\System32\win32u.dll
0x00007ffe87c80000 - 0x00007ffe87caa000 	C:\WINDOWS\System32\GDI32.dll
0x00007ffe71e40000 - 0x00007ffe720da000 	C:\WINDOWS\WinSxS\amd64_microsoft.windows.common-controls_6595b64144ccf1df_6.0.19041.1110_none_60b5254171f9507e\COMCTL32.dll
0x00007ffe873a0000 - 0x00007ffe874ab000 	C:\WINDOWS\System32\gdi32full.dll
0x00007ffe87d70000 - 0x00007ffe87e0e000 	C:\WINDOWS\System32\msvcrt.dll
0x00007ffe87ae0000 - 0x00007ffe87b7d000 	C:\WINDOWS\System32\msvcp_win.dll
0x00007ffe88310000 - 0x00007ffe88340000 	C:\WINDOWS\System32\IMM32.DLL
0x00007ffe82a20000 - 0x00007ffe82a2c000 	C:\Users\Nicolas Andres Muñoz\.jdks\openjdk-16.0.2\bin\vcruntime140_1.dll
0x00007ffe5efc0000 - 0x00007ffe5f051000 	C:\Users\Nicolas Andres Muñoz\.jdks\openjdk-16.0.2\bin\msvcp140.dll
0x00007ffe24f90000 - 0x00007ffe25b3b000 	C:\Users\Nicolas Andres Muñoz\.jdks\openjdk-16.0.2\bin\server\jvm.dll
0x00007ffe88340000 - 0x00007ffe883ec000 	C:\WINDOWS\System32\ADVAPI32.dll
0x00007ffe88200000 - 0x00007ffe8829b000 	C:\WINDOWS\System32\sechost.dll
0x00007ffe88970000 - 0x00007ffe88a9a000 	C:\WINDOWS\System32\RPCRT4.dll
0x00007ffe885a0000 - 0x00007ffe885a8000 	C:\WINDOWS\System32\PSAPI.DLL
0x00007ffe72290000 - 0x00007ffe722b7000 	C:\WINDOWS\SYSTEM32\WINMM.dll
0x00007ffe81990000 - 0x00007ffe81999000 	C:\WINDOWS\SYSTEM32\WSOCK32.dll
0x00007ffe803f0000 - 0x00007ffe803fa000 	C:\WINDOWS\SYSTEM32\VERSION.dll
0x00007ffe882a0000 - 0x00007ffe8830b000 	C:\WINDOWS\System32\WS2_32.dll
0x00007ffe85c40000 - 0x00007ffe85c52000 	C:\WINDOWS\SYSTEM32\kernel.appcore.dll
0x00007ffe81600000 - 0x00007ffe8160a000 	C:\Users\Nicolas Andres Muñoz\.jdks\openjdk-16.0.2\bin\jimage.dll
0x00007ffe84fb0000 - 0x00007ffe85194000 	C:\WINDOWS\SYSTEM32\DBGHELP.DLL
0x00007ffe65ca0000 - 0x00007ffe65ccc000 	C:\WINDOWS\SYSTEM32\dbgcore.DLL
0x00007ffe87a50000 - 0x00007ffe87ad3000 	C:\WINDOWS\System32\bcryptPrimitives.dll
0x00007ffe808e0000 - 0x00007ffe808ee000 	C:\Users\Nicolas Andres Muñoz\.jdks\openjdk-16.0.2\bin\instrument.dll
0x00007ffe69150000 - 0x00007ffe69175000 	C:\Users\Nicolas Andres Muñoz\.jdks\openjdk-16.0.2\bin\java.dll
0x00007ffe88ac0000 - 0x00007ffe891ff000 	C:\WINDOWS\System32\SHELL32.dll
0x00007ffe851a0000 - 0x00007ffe85931000 	C:\WINDOWS\SYSTEM32\windows.storage.dll
0x00007ffe87ea0000 - 0x00007ffe881f5000 	C:\WINDOWS\System32\combase.dll
0x00007ffe86cf0000 - 0x00007ffe86d1c000 	C:\WINDOWS\SYSTEM32\Wldp.dll
0x00007ffe89b20000 - 0x00007ffe89bce000 	C:\WINDOWS\System32\SHCORE.dll
0x00007ffe88830000 - 0x00007ffe88885000 	C:\WINDOWS\System32\shlwapi.dll
0x00007ffe87290000 - 0x00007ffe872af000 	C:\WINDOWS\SYSTEM32\profapi.dll
0x00007ffe6db30000 - 0x00007ffe6db48000 	C:\Users\Nicolas Andres Muñoz\.jdks\openjdk-16.0.2\bin\zip.dll
0x00007ffe69390000 - 0x00007ffe693a9000 	C:\Users\Nicolas Andres Muñoz\.jdks\openjdk-16.0.2\bin\net.dll
0x00007ffe7e640000 - 0x00007ffe7e74a000 	C:\WINDOWS\SYSTEM32\WINHTTP.dll
0x00007ffe86a50000 - 0x00007ffe86aba000 	C:\WINDOWS\system32\mswsock.dll
0x00007ffe69320000 - 0x00007ffe69333000 	C:\Users\Nicolas Andres Muñoz\.jdks\openjdk-16.0.2\bin\nio.dll
0x00007ffe68f90000 - 0x00007ffe68faa000 	C:\Program Files\JetBrains\IntelliJ IDEA Community Edition 2021.1.2\bin\breakgen64.dll
0x00007ffe7f620000 - 0x00007ffe7f630000 	C:\Users\Nicolas Andres Muñoz\.jdks\openjdk-16.0.2\bin\verify.dll
0x00007ffe6f980000 - 0x00007ffe6f989000 	C:\Users\Nicolas Andres Muñoz\.jdks\openjdk-16.0.2\bin\management.dll
0x00007ffe6da50000 - 0x00007ffe6da5b000 	C:\Users\Nicolas Andres Muñoz\.jdks\openjdk-16.0.2\bin\management_ext.dll
0x00007ffe52c70000 - 0x00007ffe52c87000 	C:\WINDOWS\system32\napinsp.dll
0x00007ffe52730000 - 0x00007ffe5274b000 	C:\WINDOWS\system32\pnrpnsp.dll
0x00007ffe809b0000 - 0x00007ffe809c5000 	C:\WINDOWS\system32\wshbth.dll
0x00007ffe82440000 - 0x00007ffe8245d000 	C:\WINDOWS\system32\NLAapi.dll
0x00007ffe86740000 - 0x00007ffe8677b000 	C:\WINDOWS\SYSTEM32\IPHLPAPI.DLL
0x00007ffe86780000 - 0x00007ffe8684c000 	C:\WINDOWS\SYSTEM32\DNSAPI.dll
0x00007ffe883f0000 - 0x00007ffe883f8000 	C:\WINDOWS\System32\NSI.dll
0x00007ffe52710000 - 0x00007ffe52722000 	C:\WINDOWS\System32\winrnr.dll
0x00007ffe7f4f0000 - 0x00007ffe7f4fa000 	C:\Windows\System32\rasadhlp.dll
0x00007ffe6f4d0000 - 0x00007ffe6f54f000 	C:\WINDOWS\System32\fwpuclnt.dll
0x00007ffe87560000 - 0x00007ffe87587000 	C:\WINDOWS\System32\bcrypt.dll
0x00007ffe86c40000 - 0x00007ffe86c58000 	C:\WINDOWS\SYSTEM32\CRYPTSP.dll
0x00007ffe863f0000 - 0x00007ffe86424000 	C:\WINDOWS\system32\rsaenh.dll
0x00007ffe87250000 - 0x00007ffe8727e000 	C:\WINDOWS\SYSTEM32\USERENV.dll
0x00007ffe86c30000 - 0x00007ffe86c3c000 	C:\WINDOWS\SYSTEM32\CRYPTBASE.dll
0x00007ffe7ff80000 - 0x00007ffe7ff97000 	C:\WINDOWS\SYSTEM32\dhcpcsvc6.DLL
0x00007ffe801a0000 - 0x00007ffe801bd000 	C:\WINDOWS\SYSTEM32\dhcpcsvc.DLL
0x00007ffe695a0000 - 0x00007ffe695ae000 	C:\Users\Nicolas Andres Muñoz\.jdks\openjdk-16.0.2\bin\sunmscapi.dll
0x00007ffe87620000 - 0x00007ffe8777f000 	C:\WINDOWS\System32\CRYPT32.dll
0x00007ffe86d60000 - 0x00007ffe86d87000 	C:\WINDOWS\SYSTEM32\ncrypt.dll
0x00007ffe86d20000 - 0x00007ffe86d5b000 	C:\WINDOWS\SYSTEM32\NTASN1.dll
0x00007ffe69140000 - 0x00007ffe69147000 	C:\WINDOWS\system32\wshunix.dll

dbghelp: loaded successfully - version: 4.0.5 - missing functions: none
symbol engine: initialized successfully - sym options: 0x614 - pdb path: .;C:\Users\Nicolas Andres Muñoz\.jdks\openjdk-16.0.2\bin;C:\WINDOWS\SYSTEM32;C:\WINDOWS\WinSxS\amd64_microsoft.windows.common-controls_6595b64144ccf1df_6.0.19041.1110_none_60b5254171f9507e;C:\Users\Nicolas Andres Muñoz\.jdks\openjdk-16.0.2\bin\server;C:\Program Files\JetBrains\IntelliJ IDEA Community Edition 2021.1.2\bin

VM Arguments:
jvm_args: -javaagent:C:\Program Files\JetBrains\IntelliJ IDEA Community Edition 2021.1.2\lib\idea_rt.jar=55547:C:\Program Files\JetBrains\IntelliJ IDEA Community Edition 2021.1.2\bin -Dfile.encoding=UTF-8 
java_command: edu.usco.Colegio.ColegioApplication
java_class_path (initial): C:\Users\Nicolas Andres Muñoz\Desktop\ColegioPrueba\Colegio\target\classes;C:\Users\Nicolas Andres Muñoz\.m2\repository\org\springframework\boot\spring-boot-starter-data-jpa\2.5.3\spring-boot-starter-data-jpa-2.5.3.jar;C:\Users\Nicolas Andres Muñoz\.m2\repository\org\springframework\boot\spring-boot-starter-aop\2.5.3\spring-boot-starter-aop-2.5.3.jar;C:\Users\Nicolas Andres Muñoz\.m2\repository\org\springframework\spring-aop\5.3.9\spring-aop-5.3.9.jar;C:\Users\Nicolas Andres Muñoz\.m2\repository\org\aspectj\aspectjweaver\1.9.7\aspectjweaver-1.9.7.jar;C:\Users\Nicolas Andres Muñoz\.m2\repository\org\springframework\boot\spring-boot-starter-jdbc\2.5.3\spring-boot-starter-jdbc-2.5.3.jar;C:\Users\Nicolas Andres Muñoz\.m2\repository\com\zaxxer\HikariCP\4.0.3\HikariCP-4.0.3.jar;C:\Users\Nicolas Andres Muñoz\.m2\repository\org\springframework\spring-jdbc\5.3.9\spring-jdbc-5.3.9.jar;C:\Users\Nicolas Andres Muñoz\.m2\repository\jakarta\transaction\jakarta.transaction-api\1.3.3\jakarta.transaction-api-1.3.3.jar;C:\Users\Nicolas Andres Muñoz\.m2\repository\jakarta\persistence\jakarta.persistence-api\2.2.3\jakarta.persistence-api-2.2.3.jar;C:\Users\Nicolas Andres Muñoz\.m2\repository\org\hibernate\hibernate-core\5.4.32.Final\hibernate-core-5.4.32.Final.jar;C:\Users\Nicolas Andres Muñoz\.m2\repository\org\jboss\logging\jboss-logging\3.4.2.Final\jboss-logging-3.4.2.Final.jar;C:\Users\Nicolas Andres Muñoz\.m2\repository\org\javassist\javassist\3.27.0-GA\javassist-3.27.0-GA.jar;C:\Users\Nicolas Andres Muñoz\.m2\repository\net\bytebuddy\byte-buddy\1.10.22\byte-buddy-1.10.22.jar;C:\Users\Nicolas Andres Muñoz\.m2\repository\antlr\antlr\2.7.7\antlr-2.7.7.jar;C:\Users\Nicolas Andres Muñoz\.m2\repository\org\jboss\jandex\2.2.3.Final\jandex-2.2.3.Final.jar;C:\Users\Nicolas Andres Muñoz\.m2\repository\com\fasterxml\classmate\1.5.1\classmate-1.5.1.jar;C:\Users\Nicolas Andres Muñoz\.m2\repository\org\dom4j\dom4j\2.1.3\dom4j-2.1.3.jar;C:\Users\Nicolas Andres Muñoz
Launcher Type: SUN_STANDARD

[Global flags]
     intx CICompilerCount                          = 3                                         {product} {ergonomic}
     uint ConcGCThreads                            = 1                                         {product} {ergonomic}
     uint G1ConcRefinementThreads                  = 4                                         {product} {ergonomic}
   size_t G1HeapRegionSize                         = 1048576                                   {product} {ergonomic}
    uintx GCDrainStackTargetSize                   = 64                                        {product} {ergonomic}
   size_t InitialHeapSize                          = 134217728                                 {product} {ergonomic}
   size_t MarkStackSize                            = 4194304                                   {product} {ergonomic}
   size_t MaxHeapSize                              = 2116026368                                {product} {ergonomic}
   size_t MaxNewSize                               = 1268776960                                {product} {ergonomic}
   size_t MinHeapDeltaBytes                        = 1048576                                   {product} {ergonomic}
   size_t MinHeapSize                              = 8388608                                   {product} {ergonomic}
    uintx NonNMethodCodeHeapSize                   = 5832780                                {pd product} {ergonomic}
    uintx NonProfiledCodeHeapSize                  = 122912730                              {pd product} {ergonomic}
    uintx ProfiledCodeHeapSize                     = 122912730                              {pd product} {ergonomic}
    uintx ReservedCodeCacheSize                    = 251658240                              {pd product} {ergonomic}
     bool SegmentedCodeCache                       = true                                      {product} {ergonomic}
   size_t SoftMaxHeapSize                          = 2116026368                             {manageable} {ergonomic}
     bool UseCompressedClassPointers               = true                           {product lp64_product} {ergonomic}
     bool UseCompressedOops                        = true                           {product lp64_product} {ergonomic}
     bool UseG1GC                                  = true                                      {product} {ergonomic}
     bool UseLargePagesIndividualAllocation        = false                                  {pd product} {ergonomic}

Logging:
Log output configuration:
 #0: stdout all=warning uptime,level,tags
 #1: stderr all=off uptime,level,tags

Environment Variables:
PATH=C:\Program Files (x86)\Common Files\Oracle\Java\javapath;C:\Program Files (x86)\Intel\iCLS Client\;C:\Program Files\Intel\iCLS Client\;C:\Windows\system32;C:\Windows;C:\Windows\System32\Wbem;C:\Windows\System32\WindowsPowerShell\v1.0\;C:\Program Files (x86)\Intel\Intel(R) Management Engine Components\DAL;C:\Program Files\Intel\Intel(R) Management Engine Components\DAL;C:\Program Files (x86)\Intel\Intel(R) Management Engine Components\IPT;C:\Program Files\Intel\Intel(R) Management Engine Components\IPT;C:\Program Files (x86)\Brackets\command;C:\Program Files\Microsoft VS Code\bin;C:\Program Files\Common Files\Autodesk Shared\;C:\Program Files (x86)\Autodesk\Backburner\;C:\WINDOWS\system32;C:\WINDOWS;C:\WINDOWS\System32\Wbem;C:\WINDOWS\System32\WindowsPowerShell\v1.0\;C:\WINDOWS\System32\OpenSSH\;C:\AppServ\php7;C:\Composer;C:\Program Files\Git\cmd;C:\HashiCorp\Vagrant\bin;C:\BC5\BI;C:\Program Files (x86)\NVIDIA Corporation\PhysX\Common;C:\Program Files\NVIDIA Corporation\NVIDIA NvDLISR;%NVM_HOME%;%NVM_SYMLINK%;C:\WINDOWS\system32;C:\WINDOWS;C:\WINDOWS\System32\Wbem;C:\WINDOWS\System32\WindowsPowerShell\v1.0\;C:\WINDOWS\System32\OpenSSH\;C:\Program Files\dotnet\;C:\Program Files\Microsoft SQL Server\130\Tools\Binn\;C:\Program Files\Microsoft SQL Server\Client SDK\ODBC\170\Tools\Binn\;C:\Program Files (x86)\dotnet\;C:\laragon\bin;C:\laragon\bin\apache\httpd-2.4.35-win64-VC15\bin;C:\laragon\bin\composer;C:\laragon\bin\git\bin;C:\laragon\bin\git\cmd;C:\laragon\bin\git\mingw64\bin;C:\laragon\bin\git\usr\bin;C:\laragon\bin\laragon\utils;C:\laragon\bin\mysql\mysql-5.7.19-winx64\bin;C:\laragon\bin\nginx\nginx-1.14.0;C:\laragon\bin\ngrok;C:\laragon\bin\nodejs\node-v12;C:\laragon\bin\notepad++;C:\laragon\bin\php\php-7.4.8-src;C:\laragon\bin\putty;C:\laragon\bin\redis\redis-x64-3.2.100;C:\laragon\bin\telnet;C:\laragon\bin\yarn\bin;C:\laragon\usr\bin;C:\Users\Nicolas Andres Muñoz\AppData\Local\Yarn\config\global\node_modules\.bin;C:\Users\Nicolas Andres Muñoz\AppData\Roaming\C
USERNAME=Nicolas Andres Muñoz
OS=Windows_NT
PROCESSOR_IDENTIFIER=Intel64 Family 6 Model 142 Stepping 9, GenuineIntel



---------------  S Y S T E M  ---------------

OS:
 Windows 10 , 64 bit Build 19041 (10.0.19041.1023)
OS uptime: 15 days 13:40 hours

CPU: total 4 (initial active 4) (2 cores per cpu, 2 threads per core) family 6 model 142 stepping 9 microcode 0xb4, cx8, cmov, fxsr, ht, mmx, 3dnowpref, sse, sse2, sse3, ssse3, sse4.1, sse4.2, popcnt, lzcnt, tsc, tscinvbit, avx, avx2, aes, erms, clmul, bmi1, bmi2, adx, fma, vzeroupper, clflush, clflushopt

Memory: 4k page, system-wide physical 8069M (1095M free)
TotalPageFile size 16001M (AvailPageFile size 4M)
current process WorkingSet (physical memory assigned to process): 91M, peak: 258M
current process commit charge ("private bytes"): 232M, peak: 289M

vm_info: OpenJDK 64-Bit Server VM (16.0.2+7-67) for windows-amd64 JRE (16.0.2+7-67), built on Jun  8 2021 23:21:43 by "mach5one" with MS VC++ 16.7 (VS2019)

END.
